#
# There is insufficient memory for the Java Runtime Environment to continue.
# Native memory allocation (mmap) failed to map 132120576 bytes for Failed to commit area from 0x0000000082400000 to 0x000000008a200000 of length 132120576.
# Possible reasons:
#   The system is out of physical RAM or swap space
#   The process is running with CompressedOops enabled, and the Java Heap may be blocking the growth of the native heap
# Possible solutions:
#   Reduce memory load on the system
#   Increase physical memory or swap space
#   Check if swap backing store is full
#   Decrease Java heap size (-Xmx/-Xms)
#   Decrease number of Java threads
#   Decrease Java thread stack sizes (-Xss)
#   Set larger code cache with -XX:ReservedCodeCacheSize=
# This output file may be truncated or incomplete.
#
#  Out of Memory Error (./src/hotspot/os/windows/os_windows.cpp:3619), pid=6412, tid=17320
#
# JRE version:  (11.0.13) (build )
# Java VM: OpenJDK 64-Bit Server VM (11.0.13+0-b1751.21-8125866, mixed mode, sharing, tiered, compressed oops, g1 gc, windows-amd64)
# No core dump will be written. Minidumps are not enabled by default on client versions of Windows
#

---------------  S U M M A R Y ------------

Command Line: org.jetbrains.kotlin.cli.jvm.K2JVMCompiler @C:\Users\cse21-050\Desktop\Github\TicTacToe-App\app\build\20230110_18104974086442200949.compiler.options

Host: Intel(R) Core(TM) i5-8265U CPU @ 1.60GHz, 8 cores, 7G,  Windows 11 , 64 bit Build 22621 (10.0.22621.963)
Time: Tue Jan 10 21:17:56 2023 South Africa Standard Time elapsed time: 0.021590 seconds (0d 0h 0m 0s)

---------------  T H R E A D  ---------------

Current thread (0x000002b1bf859000):  JavaThread "Unknown thread" [_thread_in_vm, id=17320, stack(0x000000f7e1200000,0x000000f7e1300000)]

Stack: [0x000000f7e1200000,0x000000f7e1300000]
Native frames: (J=compiled Java code, j=interpreted, Vv=VM code, C=native code)
V  [jvm.dll+0x6100fa]
V  [jvm.dll+0x747090]
V  [jvm.dll+0x7486ad]
V  [jvm.dll+0x748d83]
V  [jvm.dll+0x24ab48]
V  [jvm.dll+0x60d164]
V  [jvm.dll+0x601e75]
V  [jvm.dll+0x308bdb]
V  [jvm.dll+0x308b4a]
V  [jvm.dll+0x308a22]
V  [jvm.dll+0x30d986]
V  [jvm.dll+0x357093]
V  [jvm.dll+0x357796]
V  [jvm.dll+0x357193]
V  [jvm.dll+0x2e3448]
V  [jvm.dll+0x2e45f7]
V  [jvm.dll+0x7242e7]
V  [jvm.dll+0x725adc]
V  [jvm.dll+0x364629]
V  [jvm.dll+0x707cee]
V  [jvm.dll+0x3d2633]
V  [jvm.dll+0x3d4a21]
C  [jli.dll+0x536b]
C  [ucrtbase.dll+0x29363]
C  [KERNEL32.DLL+0x126bd]
C  [ntdll.dll+0x5dfb8]


---------------  P R O C E S S  ---------------

Threads class SMR info:
_java_thread_list=0x000002b1bd5e6a60, length=0, elements={
}

Java Threads: ( => current thread )

Other Threads:
  0x000002b1bf870800 GCTaskThread "GC Thread#0" [stack: 0x000000f7e1300000,0x000000f7e1400000] [id=5228]
  0x000002b1bf8a1000 ConcurrentGCThread "G1 Main Marker" [stack: 0x000000f7e1400000,0x000000f7e1500000] [id=16464]
  0x000002b1bf8a5000 ConcurrentGCThread "G1 Conc#0" [stack: 0x000000f7e1500000,0x000000f7e1600000] [id=16360]

[error occurred during error reporting (printing all threads), id 0xc0000005, EXCEPTION_ACCESS_VIOLATION (0xc0000005) at pc=0x00007ff86fce3dd7]

VM state:not at safepoint (not fully initialized)

VM Mutex/Monitor currently owned by a thread:  ([mutex/lock_event])
[0x000002b1bf855d50] Heap_lock - owner thread: 0x000002b1bf859000

Heap address: 0x0000000082400000, size: 2012 MB, Compressed Oops mode: Non-zero based: 0x0000000082400000
Narrow klass base: 0x0000000000000000, Narrow klass shift: 0

GC Heap History (0 events):
No events

Deoptimization events (0 events):
No events

Classes redefined (0 events):
No events

Internal exceptions (0 events):
No events

Events (1 events):
Event: 0.014 Loaded shared library C:\Program Files\Android\Android Studio\jre\bin\zip.dll


Dynamic libraries:
0x00007ff795990000 - 0x00007ff79599a000 	C:\Program Files\Android\Android Studio\jre\bin\java.exe
0x00007ff8892b0000 - 0x00007ff8894c4000 	C:\WINDOWS\SYSTEM32\ntdll.dll
0x00007ff8871b0000 - 0x00007ff887273000 	C:\WINDOWS\System32\KERNEL32.DLL
0x00007ff886b20000 - 0x00007ff886ebd000 	C:\WINDOWS\System32\KERNELBASE.dll
0x00007ff886f80000 - 0x00007ff887091000 	C:\WINDOWS\System32\ucrtbase.dll
0x00007ff871f50000 - 0x00007ff871f69000 	C:\Program Files\Android\Android Studio\jre\bin\jli.dll
0x00007ff871b90000 - 0x00007ff871ba7000 	C:\Program Files\Android\Android Studio\jre\bin\VCRUNTIME140.dll
0x00007ff887790000 - 0x00007ff88793d000 	C:\WINDOWS\System32\USER32.dll
0x00007ff886860000 - 0x00007ff886886000 	C:\WINDOWS\System32\win32u.dll
0x00007ff866820000 - 0x00007ff866aae000 	C:\WINDOWS\WinSxS\amd64_microsoft.windows.common-controls_6595b64144ccf1df_6.0.22621.608_none_a9444ca7c10bb01d\COMCTL32.dll
0x00007ff888630000 - 0x00007ff8886d7000 	C:\WINDOWS\System32\msvcrt.dll
0x00007ff889050000 - 0x00007ff889079000 	C:\WINDOWS\System32\GDI32.dll
0x00007ff886a00000 - 0x00007ff886b12000 	C:\WINDOWS\System32\gdi32full.dll
0x00007ff8867c0000 - 0x00007ff88685a000 	C:\WINDOWS\System32\msvcp_win.dll
0x00007ff8870b0000 - 0x00007ff8870e2000 	C:\WINDOWS\System32\IMM32.DLL
0x00007ff86eda0000 - 0x00007ff86ee3d000 	C:\Program Files\Android\Android Studio\jre\bin\msvcp140.dll
0x00007ff86f9f0000 - 0x00007ff8704f2000 	C:\Program Files\Android\Android Studio\jre\bin\server\jvm.dll
0x00007ff8870f0000 - 0x00007ff88719e000 	C:\WINDOWS\System32\ADVAPI32.dll
0x00007ff887e30000 - 0x00007ff887ed4000 	C:\WINDOWS\System32\sechost.dll
0x00007ff8886e0000 - 0x00007ff8887f5000 	C:\WINDOWS\System32\RPCRT4.dll
0x00007ff887280000 - 0x00007ff887288000 	C:\WINDOWS\System32\PSAPI.DLL
0x00007ff883530000 - 0x00007ff883539000 	C:\WINDOWS\SYSTEM32\WSOCK32.dll
0x00007ff87bac0000 - 0x00007ff87baf4000 	C:\WINDOWS\SYSTEM32\WINMM.dll
0x00007ff887ee0000 - 0x00007ff887f51000 	C:\WINDOWS\System32\WS2_32.dll
0x00007ff87ae20000 - 0x00007ff87ae2a000 	C:\WINDOWS\SYSTEM32\VERSION.dll
0x00007ff885610000 - 0x00007ff885628000 	C:\WINDOWS\SYSTEM32\kernel.appcore.dll
0x00007ff881740000 - 0x00007ff881751000 	C:\Program Files\Android\Android Studio\jre\bin\verify.dll
0x00007ff883d90000 - 0x00007ff883fbe000 	C:\WINDOWS\SYSTEM32\DBGHELP.DLL
0x00007ff887a50000 - 0x00007ff887dda000 	C:\WINDOWS\System32\combase.dll
0x00007ff888550000 - 0x00007ff888627000 	C:\WINDOWS\System32\OLEAUT32.dll
0x00007ff8683e0000 - 0x00007ff868412000 	C:\WINDOWS\SYSTEM32\dbgcore.DLL
0x00007ff886740000 - 0x00007ff8867bb000 	C:\WINDOWS\System32\bcryptPrimitives.dll
0x00007ff8816e0000 - 0x00007ff881709000 	C:\Program Files\Android\Android Studio\jre\bin\java.dll
0x00007ff883520000 - 0x00007ff88352b000 	C:\Program Files\Android\Android Studio\jre\bin\jimage.dll
0x00007ff881720000 - 0x00007ff881738000 	C:\Program Files\Android\Android Studio\jre\bin\zip.dll

dbghelp: loaded successfully - version: 4.0.5 - missing functions: none
symbol engine: initialized successfully - sym options: 0x614 - pdb path: .;C:\Program Files\Android\Android Studio\jre\bin;C:\WINDOWS\SYSTEM32;C:\WINDOWS\WinSxS\amd64_microsoft.windows.common-controls_6595b64144ccf1df_6.0.22621.608_none_a9444ca7c10bb01d;C:\Program Files\Android\Android Studio\jre\bin\server

VM Arguments:
java_command: org.jetbrains.kotlin.cli.jvm.K2JVMCompiler @C:\Users\cse21-050\Desktop\Github\TicTacToe-App\app\build\20230110_18104974086442200949.compiler.options
java_class_path (initial): C:\Users\cse21-050\.gradle\caches\modules-2\files-2.1\org.jetbrains.kotlin\kotlin-compiler-embeddable\1.7.20\8db18559a581dd2c36ddfd5046af145650f5b126\kotlin-compiler-embeddable-1.7.20.jar;C:\Users\cse21-050\.gradle\caches\modules-2\files-2.1\org.jetbrains.kotlin\kotlin-reflect\1.7.20\12b2501e33bb6373e8e347c86d85481863629381\kotlin-reflect-1.7.20.jar;C:\Users\cse21-050\.gradle\caches\modules-2\files-2.1\org.jetbrains.kotlin\kotlin-stdlib\1.7.20\726594ea9ba2beb2ee113647fefa9a10f9fabe52\kotlin-stdlib-1.7.20.jar;C:\Users\cse21-050\.gradle\caches\modules-2\files-2.1\org.jetbrains.kotlin\kotlin-script-runtime\1.7.20\bcd1cc6f865e632550357fcc59f5ffd532615a8\kotlin-script-runtime-1.7.20.jar;C:\Users\cse21-050\.gradle\caches\modules-2\files-2.1\org.jetbrains.kotlin\kotlin-daemon-embeddable\1.7.20\1e24355adad8d529d75d5b19eab55484057431ba\kotlin-daemon-embeddable-1.7.20.jar;C:\Users\cse21-050\.gradle\caches\modules-2\files-2.1\org.jetbrains.intellij.deps\trove4j\1.0.20200330\3afb14d5f9ceb459d724e907a21145e8ff394f02\trove4j-1.0.20200330.jar;C:\Users\cse21-050\.gradle\caches\modules-2\files-2.1\net.java.dev.jna\jna\5.6.0\330f2244e9030119ab3030fc3fededc86713d9cc\jna-5.6.0.jar;C:\Users\cse21-050\.gradle\caches\modules-2\files-2.1\org.jetbrains.kotlin\kotlin-stdlib-common\1.7.20\e15351bdaf9fa06f009be5da7a202e4184f00ae3\kotlin-stdlib-common-1.7.20.jar;C:\Users\cse21-050\.gradle\caches\modules-2\files-2.1\org.jetbrains\annotations\13.0\919f0dfe192fb4e063e7dacadee7f8bb9a2672a9\annotations-13.0.jar
Launcher Type: SUN_STANDARD

[Global flags]
     intx CICompilerCount                          = 4                                         {product} {ergonomic}
     uint ConcGCThreads                            = 2                                         {product} {ergonomic}
     uint G1ConcRefinementThreads                  = 8                                         {product} {ergonomic}
   size_t G1HeapRegionSize                         = 1048576                                   {product} {ergonomic}
    uintx GCDrainStackTargetSize                   = 64                                        {product} {ergonomic}
   size_t InitialHeapSize                          = 132120576                                 {product} {ergonomic}
   size_t MarkStackSize                            = 4194304                                   {product} {ergonomic}
   size_t MaxHeapSize                              = 2109734912                                {product} {ergonomic}
   size_t MinHeapDeltaBytes                        = 1048576                                   {product} {ergonomic}
    uintx NonNMethodCodeHeapSize                   = 5836300                                {pd product} {ergonomic}
    uintx NonProfiledCodeHeapSize                  = 122910970                              {pd product} {ergonomic}
    uintx ProfiledCodeHeapSize                     = 122910970                              {pd product} {ergonomic}
    uintx ReservedCodeCacheSize                    = 251658240                              {pd product} {ergonomic}
     bool SegmentedCodeCache                       = true                                      {product} {ergonomic}
     bool UseCompressedClassPointers               = true                                 {lp64_product} {ergonomic}
     bool UseCompressedOops                        = true                                 {lp64_product} {ergonomic}
     bool UseG1GC                                  = true                                      {product} {ergonomic}
     bool UseLargePagesIndividualAllocation        = false                                  {pd product} {ergonomic}

Logging:
Log output configuration:
 #0: stdout all=warning uptime,level,tags
 #1: stderr all=off uptime,level,tags

Environment Variables:
JAVA_HOME=C:\Program Files\Java\jdk-18.0.2.1
PATH=C:\Program Files\Common Files\Oracle\Java\javapath;C:\Program Files (x86)\Common Files\Oracle\Java\javapath;C:\WINDOWS\system32;C:\WINDOWS;C:\WINDOWS\System32\Wbem;C:\WINDOWS\System32\WindowsPowerShell\v1.0\;C:\WINDOWS\System32\OpenSSH\;C:\Program Files\Git\cmd;%JAVA_HOME%\bin;C:\Program Files\dotnet\;C:\Users\cse21-050\AppData\Local\Programs\Python\Python310\Scripts\;C:\Users\cse21-050\AppData\Local\Programs\Python\Python310\;C:\Users\cse21-050\AppData\Local\Microsoft\WindowsApps;C:\Program Files\JetBrains\IntelliJ IDEA Community Edition 2022.3.1\bin;;C:\Users\cse21-050\AppData\Local\Programs\Microsoft VS Code\bin;C:\Users\cse21-050\AppData\Local\GitHubDesktop\bin;C:\Users\cse21-050\.dotnet\tools
USERNAME=cse21-050
OS=Windows_NT
PROCESSOR_IDENTIFIER=Intel64 Family 6 Model 142 Stepping 12, GenuineIntel



---------------  S Y S T E M  ---------------

OS: Windows 11 , 64 bit Build 22621 (10.0.22621.963)
OS uptime: 0 days 13:27 hours
Hyper-V role detected

CPU:total 8 (initial active 8) (4 cores per cpu, 2 threads per core) family 6 model 142 stepping 12 microcode 0xf0, cmov, cx8, fxsr, mmx, sse, sse2, sse3, ssse3, sse4.1, sse4.2, popcnt, avx, avx2, aes, clmul, erms, 3dnowpref, lzcnt, ht, tsc, tscinvbit, bmi1, bmi2, adx, fma

Memory: 4k page, system-wide physical 8042M (223M free)
TotalPageFile size 10042M (AvailPageFile size 88M)
current process WorkingSet (physical memory assigned to process): 10M, peak: 10M
current process commit charge ("private bytes"): 60M, peak: 186M

vm_info: OpenJDK 64-Bit Server VM (11.0.13+0-b1751.21-8125866) for windows-amd64 JRE (11.0.13+0-b1751.21-8125866), built on Feb  2 2022 03:00:22 by "builder" with MS VC++ 14.0 (VS2015)

END.
